"../../../Engine/Content/EditorBlueprintResources/StandardMacros.uasset" 0
"../../../../../../Users/Jeff PC/Documents/Unreal Projects/Puzzled_Sight/Content/FirstPerson/Character/Mesh/SK_Mannequin_Arms_Skeleton.uasset" 1
"../../../../../../Users/Jeff PC/Documents/Unreal Projects/Puzzled_Sight/Content/FirstPerson/Animations/FirstPerson_Run.uasset" 2
"../../../../../../Users/Jeff PC/Documents/Unreal Projects/Puzzled_Sight/Content/FirstPerson/Animations/FirstPerson_JumpStart.uasset" 3
"../../../../../../Users/Jeff PC/Documents/Unreal Projects/Puzzled_Sight/Content/FirstPerson/Animations/FirstPerson_JumpLoop.uasset" 4
"../../../../../../Users/Jeff PC/Documents/Unreal Projects/Puzzled_Sight/Content/FirstPerson/Animations/FirstPerson_JumpEnd.uasset" 5
"../../../../../../Users/Jeff PC/Documents/Unreal Projects/Puzzled_Sight/Content/FirstPerson/Animations/FirstPerson_Idle.uasset" 6
"../../../../../../Users/Jeff PC/Documents/Unreal Projects/Puzzled_Sight/Content/FirstPerson/Animations/FirstPerson_AnimBP.uasset" 7
"../../../../../../Users/Jeff PC/Documents/Unreal Projects/Puzzled_Sight/Content/FirstPerson/Character/Mesh/FirstPersonAnimBlueprint_Copy.uasset" 8
"../../../../../../Users/Jeff PC/Documents/Unreal Projects/Puzzled_Sight/Content/FirstPerson/Character/Textures/UE4_LOGO_CARD.uasset" 9
"../../../../../../Users/Jeff PC/Documents/Unreal Projects/Puzzled_Sight/Content/FirstPerson/FPWeapon/Materials/MaterialLayers/ML_Plastic_Shiny_Beige_LOGO.uasset" 10
"../../../../../../Users/Jeff PC/Documents/Unreal Projects/Puzzled_Sight/Content/FirstPerson/FPWeapon/Materials/MaterialLayers/T_ML_FineRubber.uasset" 11
"../../../../../../Users/Jeff PC/Documents/Unreal Projects/Puzzled_Sight/Content/FirstPerson/FPWeapon/Mesh/SK_FPGun_PhysicsAsset.uasset" 12
"../../../../../../Users/Jeff PC/Documents/Unreal Projects/Puzzled_Sight/Content/FirstPerson/Meshes/BaseMaterial.uasset" 13
"../../../../../../Users/Jeff PC/Documents/Unreal Projects/Puzzled_Sight/Content/FirstPerson/Meshes/FirstPersonProjectileMaterial.uasset" 14
"../../../../../../Users/Jeff PC/Documents/Unreal Projects/Puzzled_Sight/Content/FirstPerson/Meshes/FirstPersonProjectileMesh.uasset" 15
"../../../../../../Users/Jeff PC/Documents/Unreal Projects/Puzzled_Sight/Content/FirstPersonBP/FirstPersonOverview.uasset" 16
"../../../../../../Users/Jeff PC/Documents/Unreal Projects/Puzzled_Sight/Content/Geometry/Meshes/CubeMaterial.uasset" 17
"../../../../../../Users/Jeff PC/Documents/Unreal Projects/Puzzled_Sight/Content/Geometry/Meshes/1M_Cube_Chamfer.uasset" 18
"../../../../../../Users/Jeff PC/Documents/Unreal Projects/Puzzled_Sight/Content/Geometry/Meshes/TemplateFloor.uasset" 19
"../../../../../../Users/Jeff PC/Documents/Unreal Projects/Puzzled_Sight/Content/Levels/Assets/PlayerView.uasset" 20
"../../../../../../Users/Jeff PC/Documents/Unreal Projects/Puzzled_Sight/Content/Levels/Assets/Glasses.uasset" 21
"../../../../../../Users/Jeff PC/Documents/Unreal Projects/Puzzled_Sight/Content/Heagney/glasses.uasset" 22
"../../../../../../Users/Jeff PC/Documents/Unreal Projects/Puzzled_Sight/Content/Heagney/oculos1.uasset" 23
"../../../../../../Users/Jeff PC/Documents/Unreal Projects/Puzzled_Sight/Content/Heagney/oculos.uasset" 24
"../../../../../../Users/Jeff PC/Documents/Unreal Projects/Puzzled_Sight/Content/Heagney/VisionUI.uasset" 25
"../../../../../../Users/Jeff PC/Documents/Unreal Projects/Puzzled_Sight/Content/FirstPerson/FPWeapon/Mesh/SK_FPGun_Skeleton.uasset" 26
"../../../../../../Users/Jeff PC/Documents/Unreal Projects/Puzzled_Sight/Content/FirstPerson/FPWeapon/Textures/T_FPGun_N.uasset" 27
"../../../../../../Users/Jeff PC/Documents/Unreal Projects/Puzzled_Sight/Content/FirstPerson/FPWeapon/Textures/T_FPGun_M.uasset" 28
"../../../../../../Users/Jeff PC/Documents/Unreal Projects/Puzzled_Sight/Content/FirstPerson/FPWeapon/Materials/MaterialLayers/T_ML_Aluminum01_N.uasset" 29
"../../../../../../Users/Jeff PC/Documents/Unreal Projects/Puzzled_Sight/Content/FirstPerson/FPWeapon/Materials/MaterialLayers/T_ML_Aluminum01.uasset" 30
"../../../../../../Users/Jeff PC/Documents/Unreal Projects/Puzzled_Sight/Content/FirstPerson/FPWeapon/Materials/MaterialLayers/ML_SoftMetal_UE4.uasset" 31
"../../../../../../Users/Jeff PC/Documents/Unreal Projects/Puzzled_Sight/Content/FirstPerson/FPWeapon/Materials/MaterialLayers/ML_Screen.uasset" 32
"../../../../../../Users/Jeff PC/Documents/Unreal Projects/Puzzled_Sight/Content/FirstPerson/FPWeapon/Materials/MaterialLayers/ML_Plastic_Shiny_Beige.uasset" 33
"../../../../../../Users/Jeff PC/Documents/Unreal Projects/Puzzled_Sight/Content/FirstPerson/FPWeapon/Materials/MaterialLayers/T_ML_Rubber_Blue_01_N.uasset" 34
"../../../../../../Users/Jeff PC/Documents/Unreal Projects/Puzzled_Sight/Content/FirstPerson/FPWeapon/Materials/MaterialLayers/T_ML_Rubber_Blue_01_D.uasset" 35
"../../../../../../Users/Jeff PC/Documents/Unreal Projects/Puzzled_Sight/Content/FirstPerson/FPWeapon/Materials/MaterialLayers/ML_GlossyBlack_Latex_UE4.uasset" 36
"../../../Engine/Content/Functions/MaterialLayerFunctions/MatLayerBlend_Simple.uasset" 37
"../../../Engine/Content/Functions/Engine_MaterialFunctions02/Utility/BlendAngleCorrectedNormals.uasset" 38
"../../../Engine/Content/Functions/MaterialLayerFunctions/MatLayerBlend_NormalBlend.uasset" 39
"../../../../../../Users/Jeff PC/Documents/Unreal Projects/Puzzled_Sight/Content/FirstPerson/FPWeapon/Materials/M_FPGun.uasset" 40
"../../../../../../Users/Jeff PC/Documents/Unreal Projects/Puzzled_Sight/Content/FirstPerson/FPWeapon/Mesh/SK_FPGun.uasset" 41
"../../../../../../Users/Jeff PC/Documents/Unreal Projects/Puzzled_Sight/Content/FirstPerson/Character/Mesh/SK_Mannequin_Arms_PhysicsAsset.uasset" 42
"../../../../../../Users/Jeff PC/Documents/Unreal Projects/Puzzled_Sight/Content/FirstPerson/Character/Textures/UE4_Mannequin_MAT_MASKA.uasset" 43
"../../../../../../Users/Jeff PC/Documents/Unreal Projects/Puzzled_Sight/Content/FirstPerson/Character/Textures/UE4_Mannequin__normals.uasset" 44
"../../../../../../Users/Jeff PC/Documents/Unreal Projects/Puzzled_Sight/Content/FirstPerson/Character/Materials/MaterialLayers/T_ML_Aluminum01_N.uasset" 45
"../../../../../../Users/Jeff PC/Documents/Unreal Projects/Puzzled_Sight/Content/FirstPerson/Character/Materials/MaterialLayers/T_ML_Aluminum01.uasset" 46
"../../../../../../Users/Jeff PC/Documents/Unreal Projects/Puzzled_Sight/Content/FirstPerson/Character/Materials/MaterialLayers/ML_SoftMetal_UE4.uasset" 47
"../../../../../../Users/Jeff PC/Documents/Unreal Projects/Puzzled_Sight/Content/FirstPerson/Character/Materials/MaterialLayers/ML_Plastic_Shiny_Beige_LOGO.uasset" 48
"../../../../../../Users/Jeff PC/Documents/Unreal Projects/Puzzled_Sight/Content/FirstPerson/Character/Materials/MaterialLayers/ML_Plastic_Shiny_Beige.uasset" 49
"../../../../../../Users/Jeff PC/Documents/Unreal Projects/Puzzled_Sight/Content/FirstPerson/Character/Materials/MaterialLayers/T_ML_Rubber_Blue_01_N.uasset" 50
"../../../../../../Users/Jeff PC/Documents/Unreal Projects/Puzzled_Sight/Content/FirstPerson/Character/Materials/MaterialLayers/T_ML_Rubber_Blue_01_D.uasset" 51
"../../../../../../Users/Jeff PC/Documents/Unreal Projects/Puzzled_Sight/Content/FirstPerson/Character/Materials/MaterialLayers/ML_GlossyBlack_Latex_UE4.uasset" 52
"../../../../../../Users/Jeff PC/Documents/Unreal Projects/Puzzled_Sight/Content/FirstPerson/Character/Materials/M_UE4Man_Body.uasset" 53
"../../../../../../Users/Jeff PC/Documents/Unreal Projects/Puzzled_Sight/Content/FirstPerson/Character/Mesh/SK_Mannequin_Arms.uasset" 54
"../../../../../../Users/Jeff PC/Documents/Unreal Projects/Puzzled_Sight/Content/FirstPerson/Audio/FirstPersonTemplateWeaponFire02.uasset" 55
"../../../../../../Users/Jeff PC/Documents/Unreal Projects/Puzzled_Sight/Content/FirstPerson/Animations/FirstPerson_Fire.uasset" 56
"../../../../../../Users/Jeff PC/Documents/Unreal Projects/Puzzled_Sight/Content/FirstPerson/Animations/FirstPersonFire_Montage.uasset" 57
"../../../../../../Users/Jeff PC/Documents/Unreal Projects/Puzzled_Sight/Content/FirstPersonBP/Blueprints/FirstPersonCharacter.uasset" 58
"../../../../../../Users/Jeff PC/Documents/Unreal Projects/Puzzled_Sight/Content/Heagney/VisionBlurry.uasset" 59
"../../../../../../Users/Jeff PC/Documents/Unreal Projects/Puzzled_Sight/Content/Heagney/BCHFirstPersonChar.uasset" 60
"../../../../../../Users/Jeff PC/Documents/Unreal Projects/Puzzled_Sight/Content/Levels/Assets/Whats_New/Vision_Blurry_Alpha.uasset" 61
"../../../../../../Users/Jeff PC/Documents/Unreal Projects/Puzzled_Sight/Content/Levels/Assets/Whats_New/Howling_asset.uasset" 62
"../../../../../../Users/Jeff PC/Documents/Unreal Projects/Puzzled_Sight/Content/Levels/Assets/Whats_New/ObjectvieMet1.uasset" 63
"../../../../../../Users/Jeff PC/Documents/Unreal Projects/Puzzled_Sight/Content/Levels/Assets/Whats_New/USing_This.uasset" 64
"../../../../../../Users/Jeff PC/Documents/Unreal Projects/Puzzled_Sight/Content/Levels/Assets/Whats_New/Glasses_Heagney.uasset" 65
"../../../../../../Users/Jeff PC/Documents/Unreal Projects/Puzzled_Sight/Content/Levels/Assets/Glasses_Heagney.uasset" 66
"../../../../../../Users/Jeff PC/Documents/Unreal Projects/Puzzled_Sight/Content/Levels/Assets/NewBlueprint.uasset" 67
"../../../Engine/Content/BasicShapes/BasicShapeMaterial.uasset" 68
"../../../Engine/Content/Functions/Engine_MaterialFunctions01/Opacity/CameraDepthFade.uasset" 69
"../../../Engine/Content/EngineMaterials/T_Default_Material_Grid_N.uasset" 70
"../../../Engine/Content/EngineMaterials/T_Default_Material_Grid_M.uasset" 71
"../../../Engine/Content/EngineMaterials/WorldGridMaterial.uasset" 72
"../../../Engine/Content/BasicShapes/Cube.uasset" 73
"../../../../../../Users/Jeff PC/Documents/Unreal Projects/Puzzled_Sight/Content/Levels/Assets/Whats_New/Objective_2BP.uasset" 74
"../../../../../../Users/Jeff PC/Documents/Unreal Projects/Puzzled_Sight/Content/Levels/Assets/Objective_2BP.uasset" 75
"../../../Engine/Content/EngineMaterials/DefaultMaterial.uasset" 76
"../../../Engine/Content/BasicShapes/Sphere.uasset" 77
"../../../../../../Users/Jeff PC/Documents/Unreal Projects/Puzzled_Sight/Content/Levels/Assets/Whats_New/Objective_1BP.uasset" 78
"../../../../../../Users/Jeff PC/Documents/Unreal Projects/Puzzled_Sight/Content/Levels/Assets/Objective_1BP.uasset" 79
"../../../../../../Users/Jeff PC/Documents/Unreal Projects/Puzzled_Sight/Content/Levels/Assets/Sphere_Blueprint.uasset" 80
"../../../../../../Users/Jeff PC/Documents/Unreal Projects/Puzzled_Sight/Content/Levels/Assets/VisionUI.uasset" 81
"../../../../../../Users/Jeff PC/Documents/Unreal Projects/Puzzled_Sight/Content/Levels/Assets/Whats_New/Wall.uasset" 82
"../../../../../../Users/Jeff PC/Documents/Unreal Projects/Puzzled_Sight/Content/Levels/Assets/Wall.uasset" 83
"../../../../../../Users/Jeff PC/Documents/Unreal Projects/Puzzled_Sight/Content/Levels/Assets/Menu/Game_Screen.uasset" 84
"../../../../../../Users/Jeff PC/Documents/Unreal Projects/Puzzled_Sight/Content/Levels/Assets/Menu/Options_Menu.uasset" 85
"../../../../../../Users/Jeff PC/Documents/Unreal Projects/Puzzled_Sight/Content/Levels/Assets/Whats_New/Claws2.uasset" 86
"../../../../../../Users/Jeff PC/Documents/Unreal Projects/Puzzled_Sight/Content/Levels/Assets/Mats/Claws2_Mat.uasset" 87
"../../../../../../Users/Jeff PC/Documents/Unreal Projects/Puzzled_Sight/Content/Levels/Assets/Whats_New/Claws2_Mat.uasset" 88
"../../../../../../Users/Jeff PC/Documents/Unreal Projects/Puzzled_Sight/Content/Levels/Assets/Whats_New/Claws.uasset" 89
"../../../../../../Users/Jeff PC/Documents/Unreal Projects/Puzzled_Sight/Content/Levels/Assets/Mats/Claws_Mat.uasset" 90
"../../../../../../Users/Jeff PC/Documents/Unreal Projects/Puzzled_Sight/Content/Levels/Assets/Whats_New/Claws_Mat.uasset" 91
"../../../../../../Users/Jeff PC/Documents/Unreal Projects/Puzzled_Sight/Content/Levels/Assets/Going_Down.uasset" 92
"../../../../../../Users/Jeff PC/Documents/Unreal Projects/Puzzled_Sight/Content/Levels/Floor_Designs/Cube_Blueprint.uasset" 93
"../../../../../../Users/Jeff PC/Documents/Unreal Projects/Puzzled_Sight/Content/StarterContent/Materials/M_Basic_Wall.uasset" 94
"../../../../../../Users/Jeff PC/Documents/Unreal Projects/Puzzled_Sight/Content/StarterContent/Architecture/Pillar_50x500.uasset" 95
"../../../../../../Users/Jeff PC/Documents/Unreal Projects/Puzzled_Sight/Content/StarterContent/Architecture/Wall_400x300.uasset" 96
"../../../../../../Users/Jeff PC/Documents/Unreal Projects/Puzzled_Sight/Content/StarterContent/Architecture/Wall_400x400.uasset" 97
"../../../../../../Users/Jeff PC/Documents/Unreal Projects/Puzzled_Sight/Content/StarterContent/Architecture/Wall_500x500.uasset" 98
"../../../../../../Users/Jeff PC/Documents/Unreal Projects/Puzzled_Sight/Content/StarterContent/Architecture/Wall_Door_400x400.uasset" 99
"../../../../../../Users/Jeff PC/Documents/Unreal Projects/Puzzled_Sight/Content/StarterContent/Architecture/Wall_Window_400x400.uasset" 100
"../../../../../../Users/Jeff PC/Documents/Unreal Projects/Puzzled_Sight/Content/StarterContent/Audio/Collapse01.uasset" 101
"../../../../../../Users/Jeff PC/Documents/Unreal Projects/Puzzled_Sight/Content/StarterContent/Audio/Collapse02.uasset" 102
"../../../../../../Users/Jeff PC/Documents/Unreal Projects/Puzzled_Sight/Content/StarterContent/Audio/Explosion01.uasset" 103
"../../../../../../Users/Jeff PC/Documents/Unreal Projects/Puzzled_Sight/Content/StarterContent/Audio/Explosion02.uasset" 104
"../../../../../../Users/Jeff PC/Documents/Unreal Projects/Puzzled_Sight/Content/StarterContent/Audio/Fire01.uasset" 105
"../../../../../../Users/Jeff PC/Documents/Unreal Projects/Puzzled_Sight/Content/StarterContent/Audio/Fire_Sparks01.uasset" 106
"../../../../../../Users/Jeff PC/Documents/Unreal Projects/Puzzled_Sight/Content/StarterContent/Audio/Light01.uasset" 107
"../../../../../../Users/Jeff PC/Documents/Unreal Projects/Puzzled_Sight/Content/StarterContent/Audio/Light01_Cue.uasset" 108
"../../../../../../Users/Jeff PC/Documents/Unreal Projects/Puzzled_Sight/Content/StarterContent/Audio/Light02.uasset" 109
"../../../../../../Users/Jeff PC/Documents/Unreal Projects/Puzzled_Sight/Content/StarterContent/Audio/Light02_Cue.uasset" 110
"../../../../../../Users/Jeff PC/Documents/Unreal Projects/Puzzled_Sight/Content/StarterContent/Audio/Smoke01.uasset" 111
"../../../../../../Users/Jeff PC/Documents/Unreal Projects/Puzzled_Sight/Content/StarterContent/Audio/Starter_Birds01.uasset" 112
"../../../../../../Users/Jeff PC/Documents/Unreal Projects/Puzzled_Sight/Content/StarterContent/Audio/Starter_Music01.uasset" 113
"../../../../../../Users/Jeff PC/Documents/Unreal Projects/Puzzled_Sight/Content/StarterContent/Audio/Starter_Wind05.uasset" 114
"../../../../../../Users/Jeff PC/Documents/Unreal Projects/Puzzled_Sight/Content/StarterContent/Audio/Starter_Wind06.uasset" 115
"../../../../../../Users/Jeff PC/Documents/Unreal Projects/Puzzled_Sight/Content/StarterContent/Audio/Steam01.uasset" 116
"../../../../../../Users/Jeff PC/Documents/Unreal Projects/Puzzled_Sight/Content/StarterContent/Textures/T_Smoke_Tiled_D.uasset" 117
"../../../../../../Users/Jeff PC/Documents/Unreal Projects/Puzzled_Sight/Content/StarterContent/Textures/T_Smoke_SubUV.uasset" 118
"../../../../../../Users/Jeff PC/Documents/Unreal Projects/Puzzled_Sight/Content/StarterContent/Particles/Materials/M_smoke_subUV.uasset" 119
"../../../Engine/Content/Functions/Engine_MaterialFunctions01/Gradient/RadialGradient.uasset" 120
"../../../../../../Users/Jeff PC/Documents/Unreal Projects/Puzzled_Sight/Content/StarterContent/Particles/Materials/M_radial_ramp.uasset" 121
"../../../../../../Users/Jeff PC/Documents/Unreal Projects/Puzzled_Sight/Content/StarterContent/Particles/Materials/m_flare_01.uasset" 122
"../../../../../../Users/Jeff PC/Documents/Unreal Projects/Puzzled_Sight/Content/StarterContent/Textures/T_Explosion_SubUV.uasset" 123
"../../../../../../Users/Jeff PC/Documents/Unreal Projects/Puzzled_Sight/Content/StarterContent/Particles/Materials/M_explosion_subUV.uasset" 124
"../../../../../../Users/Jeff PC/Documents/Unreal Projects/Puzzled_Sight/Content/StarterContent/Textures/T_Burst_M.uasset" 125
"../../../../../../Users/Jeff PC/Documents/Unreal Projects/Puzzled_Sight/Content/StarterContent/Particles/Materials/M_Burst.uasset" 126
"../../../../../../Users/Jeff PC/Documents/Unreal Projects/Puzzled_Sight/Content/StarterContent/Particles/P_Explosion.uasset" 127
"../../../../../../Users/Jeff PC/Documents/Unreal Projects/Puzzled_Sight/Content/StarterContent/Audio/Explosion_Cue.uasset" 128
"../../../../../../Users/Jeff PC/Documents/Unreal Projects/Puzzled_Sight/Content/StarterContent/Blueprints/Blueprint_Effect_Explosion.uasset" 129
"../../../Engine/Content/EditorMeshes/ColorCalibrator/T_ColorGrid.uasset" 130
"../../../../../../Users/Jeff PC/Documents/Unreal Projects/Puzzled_Sight/Content/StarterContent/Materials/M_ColorGrid_LowSpec.uasset" 131
"../../../../../../Users/Jeff PC/Documents/Unreal Projects/Puzzled_Sight/Content/StarterContent/Textures/T_Bush_N.uasset" 132
"../../../../../../Users/Jeff PC/Documents/Unreal Projects/Puzzled_Sight/Content/StarterContent/Textures/T_Bush_D.uasset" 133
"../../../../../../Users/Jeff PC/Documents/Unreal Projects/Puzzled_Sight/Content/StarterContent/Props/Materials/M_Bush.uasset" 134
"../../../../../../Users/Jeff PC/Documents/Unreal Projects/Puzzled_Sight/Content/StarterContent/Props/SM_Bush.uasset" 135
"../../../../../../Users/Jeff PC/Documents/Unreal Projects/Puzzled_Sight/Content/StarterContent/Textures/T_Chair_N.uasset" 136
"../../../../../../Users/Jeff PC/Documents/Unreal Projects/Puzzled_Sight/Content/StarterContent/Textures/T_Chair_M.uasset" 137
"../../../../../../Users/Jeff PC/Documents/Unreal Projects/Puzzled_Sight/Content/StarterContent/Props/Materials/M_Chair.uasset" 138
"../../../../../../Users/Jeff PC/Documents/Unreal Projects/Puzzled_Sight/Content/StarterContent/Props/SM_Couch.uasset" 139
"../../../../../../Users/Jeff PC/Documents/Unreal Projects/Puzzled_Sight/Content/StarterContent/Materials/M_Glass.uasset" 140
"../../../../../../Users/Jeff PC/Documents/Unreal Projects/Puzzled_Sight/Content/StarterContent/Textures/T_Door_N.uasset" 141
"../../../../../../Users/Jeff PC/Documents/Unreal Projects/Puzzled_Sight/Content/StarterContent/Textures/T_Door_M.uasset" 142
"../../../../../../Users/Jeff PC/Documents/Unreal Projects/Puzzled_Sight/Content/StarterContent/Props/Materials/M_Door.uasset" 143
"../../../../../../Users/Jeff PC/Documents/Unreal Projects/Puzzled_Sight/Content/StarterContent/Props/SM_Door.uasset" 144
"../../../../../../Users/Jeff PC/Documents/Unreal Projects/Puzzled_Sight/Content/StarterContent/Props/Materials/M_MaterialSphere_Plain.uasset" 145
"../../../../../../Users/Jeff PC/Documents/Unreal Projects/Puzzled_Sight/Content/StarterContent/Props/Materials/M_MaterialSphere.uasset" 146
"../../../../../../Users/Jeff PC/Documents/Unreal Projects/Puzzled_Sight/Content/StarterContent/Props/SM_MatPreviewMesh_02.uasset" 147
"../../../../../../Users/Jeff PC/Documents/Unreal Projects/Puzzled_Sight/Content/StarterContent/Textures/T_Rock_Basalt_D.uasset" 148
"../../../../../../Users/Jeff PC/Documents/Unreal Projects/Puzzled_Sight/Content/StarterContent/Textures/T_Detail_Rocky_N.uasset" 149
"../../../../../../Users/Jeff PC/Documents/Unreal Projects/Puzzled_Sight/Content/StarterContent/Textures/T_RockMesh_N.uasset" 150
"../../../../../../Users/Jeff PC/Documents/Unreal Projects/Puzzled_Sight/Content/StarterContent/Textures/T_RockMesh_M.uasset" 151
"../../../../../../Users/Jeff PC/Documents/Unreal Projects/Puzzled_Sight/Content/StarterContent/Props/Materials/M_Rock.uasset" 152
"../../../../../../Users/Jeff PC/Documents/Unreal Projects/Puzzled_Sight/Content/StarterContent/Props/SM_Rock.uasset" 153
"../../../../../../Users/Jeff PC/Documents/Unreal Projects/Puzzled_Sight/Content/StarterContent/Textures/T_Shelf_N.uasset" 154
"../../../../../../Users/Jeff PC/Documents/Unreal Projects/Puzzled_Sight/Content/StarterContent/Textures/T_Shelf_M.uasset" 155
"../../../../../../Users/Jeff PC/Documents/Unreal Projects/Puzzled_Sight/Content/StarterContent/Props/Materials/M_Shelf.uasset" 156
"../../../../../../Users/Jeff PC/Documents/Unreal Projects/Puzzled_Sight/Content/StarterContent/Props/SM_Shelf.uasset" 157
"../../../../../../Users/Jeff PC/Documents/Unreal Projects/Puzzled_Sight/Content/StarterContent/Materials/M_Basic_Floor.uasset" 158
"../../../../../../Users/Jeff PC/Documents/Unreal Projects/Puzzled_Sight/Content/StarterContent/Props/SM_Stairs.uasset" 159
"../../../../../../Users/Jeff PC/Documents/Unreal Projects/Puzzled_Sight/Content/Levels/Assets/Lights.uasset" 160
"../../../../../../Users/Jeff PC/Documents/Unreal Projects/Puzzled_Sight/Content/StarterContent/Shapes/Shape_Cone.uasset" 161
"../../../../../../Users/Jeff PC/Documents/Unreal Projects/Puzzled_Sight/Content/StarterContent/Shapes/Shape_Cylinder.uasset" 162
"../../../../../../Users/Jeff PC/Documents/Unreal Projects/Puzzled_Sight/Content/StarterContent/Shapes/Shape_NarrowCapsule.uasset" 163
"../../../../../../Users/Jeff PC/Documents/Unreal Projects/Puzzled_Sight/Content/StarterContent/Shapes/Shape_Pipe.uasset" 164
"../../../../../../Users/Jeff PC/Documents/Unreal Projects/Puzzled_Sight/Content/StarterContent/Shapes/Shape_Pipe_180.uasset" 165
"../../../../../../Users/Jeff PC/Documents/Unreal Projects/Puzzled_Sight/Content/StarterContent/Shapes/Shape_Pipe_90.uasset" 166
"../../../../../../Users/Jeff PC/Documents/Unreal Projects/Puzzled_Sight/Content/StarterContent/Shapes/Shape_Plane.uasset" 167
"../../../../../../Users/Jeff PC/Documents/Unreal Projects/Puzzled_Sight/Content/StarterContent/Shapes/Shape_Torus.uasset" 168
"../../../../../../Users/Jeff PC/Documents/Unreal Projects/Puzzled_Sight/Content/StarterContent/Shapes/Shape_Trim.uasset" 169
"../../../../../../Users/Jeff PC/Documents/Unreal Projects/Puzzled_Sight/Content/StarterContent/Shapes/Shape_Trim_90_In.uasset" 170
"../../../../../../Users/Jeff PC/Documents/Unreal Projects/Puzzled_Sight/Content/StarterContent/Shapes/Shape_Trim_90_Out.uasset" 171
"../../../../../../Users/Jeff PC/Documents/Unreal Projects/Puzzled_Sight/Content/StarterContent/Shapes/Shape_TriPyramid.uasset" 172
"../../../../../../Users/Jeff PC/Documents/Unreal Projects/Puzzled_Sight/Content/StarterContent/Shapes/Shape_Tube.uasset" 173
"../../../../../../Users/Jeff PC/Documents/Unreal Projects/Puzzled_Sight/Content/StarterContent/Shapes/Shape_Wedge_A.uasset" 174
"../../../../../../Users/Jeff PC/Documents/Unreal Projects/Puzzled_Sight/Content/StarterContent/Shapes/Shape_Wedge_B.uasset" 175
"../../../../../../Users/Jeff PC/Documents/Unreal Projects/Puzzled_Sight/Content/StarterContent/Shapes/Shape_WideCapsule.uasset" 176
"../../../Engine/Content/Animation/DefaultAnimBoneCompressionSettings.uasset" 177
"../../../Engine/Content/Animation/DefaultAnimCurveCompressionSettings.uasset" 178
"../../../Engine/Content/ArtTools/RenderToTexture/Meshes/S_1_Unit_Plane.uasset" 179
"../../../Engine/Content/BasicShapes/Cone.uasset" 180
"../../../Engine/Content/BasicShapes/Plane.uasset" 181
"../../../Engine/Content/EditorLandscapeResources/DataLayer.uasset" 182
"../../../Engine/Content/EditorLandscapeResources/DefaultAlphaTexture.uasset" 183
"../../../Engine/Content/EditorMaterials/MAT_Groups_Toggle.uasset" 184
"../../../Engine/Content/EditorMaterials/MAT_Groups_Visibility.uasset" 185
"../../../Engine/Content/EditorMaterials/PreviewShadowIndicator.uasset" 186
"../../../Engine/Content/EditorMaterials/PreviewShadowIndicatorMaterial.uasset" 187
"../../../Engine/Content/EditorMaterials/MatineeGroups/MAT_ColorTrack.uasset" 188
"../../../Engine/Content/EditorMaterials/MatineeGroups/MAT_Groups_Anim.uasset" 189
"../../../Engine/Content/EditorMaterials/MatineeGroups/MAT_Groups_AudioMaster.uasset" 190
"../../../Engine/Content/EditorMaterials/MatineeGroups/MAT_Groups_Director.uasset" 191
"../../../Engine/Content/EditorMaterials/MatineeGroups/MAT_Groups_Event.uasset" 192
"../../../Engine/Content/EditorMaterials/MatineeGroups/MAT_Groups_Fade.uasset" 193
"../../../Engine/Content/EditorMaterials/MatineeGroups/MAT_Groups_Float.uasset" 194
"../../../Engine/Content/EditorMaterials/MatineeGroups/MAT_Groups_Move.uasset" 195
"../../../Engine/Content/EditorMaterials/MatineeGroups/MAT_Groups_Slomo.uasset" 196
"../../../Engine/Content/EditorMaterials/MatineeGroups/MAT_Groups_Sound.uasset" 197
"../../../Engine/Content/EditorMaterials/MatineeGroups/MAT_Groups_Vector.uasset" 198
"../../../Engine/Content/EditorMaterials/ParticleSystems/PSysThumbnail_NoImage.uasset" 199
"../../../Engine/Content/EditorMaterials/ParticleSystems/PSysThumbnail_OOD.uasset" 200
"../../../Engine/Content/EditorMaterials/Camera/CineMat.uasset" 201
"../../../Engine/Content/EditorMaterials/Camera/MI_CineMat_Rig.uasset" 202
"../../../Engine/Content/EditorMeshes/Camera/SM_CraneRig_Arm.uasset" 203
"../../../Engine/Content/EditorMeshes/Camera/SM_CraneRig_Base.uasset" 204
"../../../Engine/Content/EditorMeshes/Camera/SM_CraneRig_Body.uasset" 205
"../../../Engine/Content/EditorMeshes/Camera/SM_CraneRig_Mount.uasset" 206
"../../../Engine/Content/EditorMeshes/Camera/SM_RailRig_Mount.uasset" 207
"../../../Engine/Content/EditorMeshes/Camera/SM_RailRig_Track.uasset" 208
"../../../Engine/Content/EditorResources/BSPVertex.uasset" 209
"../../../Engine/Content/EditorResources/EmptyActor.uasset" 210
"../../../Engine/Content/EditorResources/S_Actor.uasset" 211
"../../../Engine/Content/EditorResources/S_Note.uasset" 212
"../../../Engine/Content/EditorResources/S_Solver.uasset" 213
"../../../Engine/Content/EditorResources/S_Terrain.uasset" 214
"../../../Engine/Content/EditorResources/S_Trigger.uasset" 215
"../../../Engine/Content/EditorResources/AudioIcons/S_AudioComponent.uasset" 216
"../../../Engine/Content/EditorResources/AudioIcons/S_AudioComponent_AutoActivate.uasset" 217
"../../../Engine/Content/EditorResources/LightIcons/S_LightError.uasset" 218
"../../../Engine/Content/EditorResources/SequenceRecorder/Countdown.uasset" 219
"../../../Engine/Content/EditorResources/SequenceRecorder/RecordingIndicator.uasset" 220
"../../../Engine/Content/EngineDamageTypes/DmgTypeBP_Environmental.uasset" 221
"../../../Engine/Content/EngineDebugMaterials/DebugEditorMaterial.uasset" 222
"../../../Engine/Content/EngineDebugMaterials/DebugMeshMaterial.uasset" 223
"../../../Engine/Content/EngineDebugMaterials/M_SimpleUnlitTranslucent.uasset" 224
"../../../Engine/Content/EngineDebugMaterials/VolumeToRender.uasset" 225
"../../../Engine/Content/Functions/Engine_MaterialFunctions02/Utility/CameraDirectionVector.uasset" 226
"../../../Engine/Content/EngineDebugMaterials/M_VolumeRenderSphereTracePP.uasset" 227
"../../../Engine/Content/Functions/Engine_MaterialFunctions01/Shading/ConvertFromDiffSpec.uasset" 228
"../../../Engine/Content/EngineDebugMaterials/VertexColorMaterial.uasset" 229
"../../../Engine/Content/EngineDebugMaterials/WireframeMaterial.uasset" 230
"../../../Engine/Content/EngineFonts/Faces/RobotoRegular.uasset" 231
"../../../Engine/Content/EngineFonts/Faces/RobotoLight.uasset" 232
"../../../Engine/Content/EngineFonts/Faces/RobotoItalic.uasset" 233
"../../../Engine/Content/EngineFonts/Faces/RobotoBoldItalic.uasset" 234
"../../../Engine/Content/EngineFonts/Faces/RobotoBold.uasset" 235
"../../../Engine/Content/EngineFonts/Faces/DroidSansFallback.uasset" 236
"../../../Engine/Content/EngineFonts/Roboto.uasset" 237
"../../../Engine/Content/EngineMaterials/BaseFlattenNormalMap.uasset" 238
"../../../Engine/Content/EngineMaterials/BaseFlattenGrayscaleMap.uasset" 239
"../../../Engine/Content/EngineMaterials/BaseFlattenEmissiveMap.uasset" 240
"../../../Engine/Content/EngineMaterials/BaseFlattenDiffuseMap.uasset" 241
"../../../Engine/Content/EngineMaterials/BaseFlattenMaterial.uasset" 242
"../../../Engine/Content/EngineMaterials/BlueNoise.uasset" 243
"../../../Engine/Content/EngineMaterials/DefaultBloomKernel.uasset" 244
"../../../Engine/Content/EngineMaterials/DefaultBokeh.uasset" 245
"../../../Engine/Content/EngineMaterials/DefaultDiffuse.uasset" 246
"../../../Engine/Content/EngineMaterials/DefaultDeferredDecalMaterial.uasset" 247
"../../../Engine/Content/EngineMaterials/DefaultLightFunctionMaterial.uasset" 248
"../../../Engine/Content/EngineMaterials/DefaultPhysicalMaterial.uasset" 249
"../../../Engine/Content/Functions/Engine_MaterialFunctions02/Utility/BreakOutFloat2Components.uasset" 250
"../../../Engine/Content/EngineMaterials/DefaultPostProcessMaterial.uasset" 251
"../../../Engine/Content/EngineFonts/RobotoDistanceField.uasset" 252
"../../../Engine/Content/EngineMaterials/DefaultTextMaterialOpaque.uasset" 253
"../../../Engine/Content/EngineMaterials/DefaultWhiteGrid.uasset" 254
"../../../Engine/Content/EngineMaterials/DefaultWhiteGrid_Low.uasset" 255
"../../../Engine/Content/EngineMaterials/EmissiveMeshMaterial.uasset" 256
"../../../Engine/Content/EngineMaterials/GizmoMaterial.uasset" 257
"../../../Engine/Content/EngineMaterials/Good64x64TilingNoiseHighFreq.uasset" 258
"../../../Engine/Content/EngineMaterials/MiniFont.uasset" 259
"../../../Engine/Content/EngineMaterials/InvalidLightmapSettings.uasset" 260
"../../../Engine/Content/EngineMaterials/M_InvalidLightmapSettings.uasset" 261
"../../../Engine/Content/Functions/Engine_MaterialFunctions02/WorldPositionOffset/CameraOffset.uasset" 262
"../../../Engine/Content/EngineMaterials/PhAT_JointLimitMaterial.uasset" 263
"../../../Engine/Content/EngineMaterials/PreintegratedSkinBRDF.uasset" 264
"../../../Engine/Content/EngineMaterials/RemoveSurfaceMaterial.uasset" 265
"../../../Engine/Content/EngineMaterials/WeightMapPlaceholderTexture.uasset" 266
"../../../Engine/Content/EngineResources/WhiteSquareTexture.uasset" 267
"../../../Engine/Content/EngineMaterials/Widget3DPassThrough.uasset" 268
"../../../Engine/Content/EngineMaterials/Widget3DPassThrough_Masked.uasset" 269
"../../../Engine/Content/EngineMaterials/Widget3DPassThrough_Opaque.uasset" 270
"../../../Engine/Content/EngineMaterials/Widget3DPassThrough_Masked_OneSided.uasset" 271
"../../../Engine/Content/EngineMaterials/Widget3DPassThrough_Opaque_OneSided.uasset" 272
"../../../Engine/Content/EngineMaterials/Widget3DPassThrough_Translucent.uasset" 273
"../../../Engine/Content/EngineMaterials/Widget3DPassThrough_Translucent_OneSided.uasset" 274
"../../../Engine/Content/EngineMeshes/Cylinder.uasset" 275
"../../../Engine/Content/EngineMeshes/Sphere.uasset" 276
"../../../Engine/Content/EngineResources/Black.uasset" 277
"../../../Engine/Content/EngineResources/DefaultTextureCube.uasset" 278
"../../../Engine/Content/EngineResources/DefaultVolumeTexture2D.uasset" 279
"../../../Engine/Content/EngineResources/DefaultVolumeTexture.uasset" 280
"../../../Engine/Content/EngineResources/GradientTexture0.uasset" 281
"../../../Engine/Content/EngineSky/VolumetricClouds/T_NoiseShape64.uasset" 282
"../../../Engine/Content/EngineSky/VolumetricClouds/T_VolumeNoiseShape64.uasset" 283
"../../../Engine/Content/EngineSky/VolumetricClouds/T_NoiseErosion.uasset" 284
"../../../Engine/Content/EngineSky/VolumetricClouds/T_VolumeNoiseErosion32.uasset" 285
"../../../Engine/Content/EngineSky/VolumetricClouds/CloudWeatherTexture.uasset" 286
"../../../Engine/Content/EngineSky/VolumetricClouds/CloudGradientTexture.uasset" 287
"../../../Engine/Content/Functions/Engine_MaterialFunctions02/Utility/MakeFloat2.uasset" 288
"../../../Engine/Content/EngineSky/VolumetricClouds/m_SimpleVolumetricCloud.uasset" 289
"../../../Engine/Content/EngineSky/VolumetricClouds/m_SimpleVolumetricCloud_Inst.uasset" 290
"../../../Engine/Content/EngineSounds/Master.uasset" 291
"../../../Engine/Content/Functions/Engine_MaterialFunctions01/Shading/PowerToRoughness.uasset" 292
"../../../Engine/Content/Maps/Templates/Thumbnails/Default.uasset" 293
"../../../Engine/Content/Maps/Templates/Thumbnails/TimeOfDay.uasset" 294
"../../../Engine/Content/Maps/Templates/Thumbnails/VR-Basic.uasset" 295
"../../../Engine/Content/MobileResources/T_MobileControls_texture.uasset" 296
"../../../Engine/Content/MobileResources/T_MobileMenu2.uasset" 297
"../../../Engine/Content/MobileResources/HUD/AnalogHat.uasset" 298
"../../../Engine/Content/MobileResources/HUD/VirtualJoystick_Thumb.uasset" 299
"../../../Engine/Content/MobileResources/HUD/VirtualJoystick_Background.uasset" 300
"../../../Engine/Content/MobileResources/HUD/DefaultVirtualJoysticks.uasset" 301
"../../../Engine/Content/MobileResources/HUD/LeftVirtualJoystickOnly.uasset" 302
"../../../Engine/Content/MobileResources/HUD/MobileHUDButton1_off.uasset" 303
"../../../Engine/Content/MobileResources/HUD/MobileHUDButton1_on.uasset" 304
"../../../Engine/Content/MobileResources/HUD/MobileHUDButton2_off.uasset" 305
"../../../Engine/Content/MobileResources/HUD/MobileHUDButton2_on.uasset" 306
"../../../Engine/Content/MobileResources/HUD/MobileHUDButton3.uasset" 307
"../../../Engine/Content/MobileResources/HUD/MobileHUDButtonFire.uasset" 308
"../../../Engine/Content/MobileResources/HUD/MobileHUDDirectionPad.uasset" 309
"../../../Engine/Content/MobileResources/HUD/MobileHUDDirectionPad2.uasset" 310
"../../../Engine/Content/MobileResources/HUD/MobileHUDDirectionPad3.uasset" 311
"../../../Engine/Content/MobileResources/HUD/MobileHUDDirectionStick.uasset" 312
"../../../Engine/Content/MobileResources/HUD/T_Castle_ThumbstickInner.uasset" 313
"../../../Engine/Content/MobileResources/HUD/T_Castle_ThumbstickOutter.uasset" 314
"../../../Engine/Content/Tutorial/ContentIntroCurve.uasset" 315
"../../../Engine/Content/Tutorial/Basics/LevelEditorAttract.uasset" 316
"../../../Engine/Content/Tutorial/Basics/TutorialAssets/icon_tab_Levels_40x.uasset" 317
"../../../Engine/Content/Tutorial/Basics/LevelEditorOverview.uasset" 318
"../../../Engine/Content/Tutorial/Installation/InstallingVisualStudioTutorial.uasset" 319
"../../../Engine/Content/VREditor/TransformGizmo/TranslucentTransformGizmoMaterial.uasset" 320
"../../../Engine/Content/VREditor/LaserPointer/VR_LaserPower_01.uasset" 321
"../../../Engine/Content/VREditor/TransformGizmo/TransformGizmoMaterial.uasset" 322
"../../../Engine/Content/VREditor/TransformGizmo/BoundingBoxCorner.uasset" 323
"../../../Engine/Content/VREditor/TransformGizmo/BoundingBoxEdge.uasset" 324
"../../../Engine/Content/VREditor/TransformGizmo/PlaneTranslationHandle.uasset" 325
"../../../Engine/Content/VREditor/TransformGizmo/Xray.uasset" 326
"../../../Engine/Content/VREditor/TransformGizmo/Main.uasset" 327
"../../../Engine/Content/VREditor/TransformGizmo/SM_Sequencer_Key.uasset" 328
"../../../Engine/Content/VREditor/TransformGizmo/SM_Sequencer_Node.uasset" 329
"../../Plugins/2D/Paper2D/Content/PlaceholderTextures/DummySpriteTexture.uasset" 330
"../../Plugins/2D/Paper2D/Content/DummySprite.uasset" 331
"../../Plugins/2D/Paper2D/Content/DefaultPaperTerrainMaterial.uasset" 332
"../../Plugins/2D/Paper2D/Content/DefaultSpriteMaterial.uasset" 333
"../../Plugins/2D/Paper2D/Content/MaskedUnlitSpriteMaterial.uasset" 334
"../../Plugins/2D/Paper2D/Content/OpaqueUnlitSpriteMaterial.uasset" 335
"../../../Engine/Content/Functions/Engine_MaterialFunctions02/Utility/BreakOutFloat3Components.uasset" 336
"../../Plugins/Editor/SpeedTreeImporter/Content/SpeedTree9/UnpackInteger3.uasset" 337
"../../Plugins/Editor/SpeedTreeImporter/Content/SpeedTree9/UnpackDirection.uasset" 338
"../../Plugins/Editor/SpeedTreeImporter/Content/SpeedTree9/game_wind_noise.uasset" 339
"../../../Engine/Content/Functions/Engine_MaterialFunctions02/SafeNormalize.uasset" 340
"../../Plugins/Editor/SpeedTreeImporter/Content/SpeedTree9/SpeedTreeWindMotion.uasset" 341
"../../Plugins/Editor/SpeedTreeImporter/Content/SpeedTree9/SpeedTreeBranchMotion.uasset" 342
"../../../Engine/Content/Functions/Engine_MaterialFunctions02/ObjectLocalBounds.uasset" 343
"../../../Engine/Content/Functions/Engine_MaterialFunctions02/UVs/BoundingBoxBased_0-1_UVW.uasset" 344
"../../Plugins/Editor/SpeedTreeImporter/Content/SpeedTree9/SpeedTreeWind.uasset" 345
"../../Plugins/Editor/SpeedTreeImporter/Content/SpeedTree9/SpeedTreeBillboard.uasset" 346
"../../../Engine/Content/EngineResources/DefaultTexture.uasset" 347
"../../Plugins/Editor/SpeedTreeImporter/Content/SpeedTree9/SpeedTreeBillboardMaster.uasset" 348
"../../Plugins/Editor/SpeedTreeImporter/Content/SpeedTree9/SpeedTreeCameraFacing.uasset" 349
"../../Plugins/Editor/SpeedTreeImporter/Content/SpeedTree9/SpeedTreeMaster.uasset" 350
"../../../Engine/Content/BasicShapes/Cylinder.uasset" 351
"../../../Engine/Content/ArtTools/RenderToTexture/Materials/Debug/M_Emissive_Color.uasset" 352
"../../Plugins/Lumin/MagicLeapPassableWorld/Content/MagicLeapARPinInfoActor.uasset" 353
"../../../Engine/Content/Functions/Engine_MaterialFunctions02/Utility/BreakOutFloat4Components.uasset" 354
"../../../Engine/Content/Functions/Engine_MaterialFunctions02/Utility/MakeFloat3.uasset" 355
"../../Plugins/Runtime/Oculus/OculusVR/Content/Materials/OculusMR_ChromaKey.uasset" 356
"../../Plugins/Runtime/Oculus/OculusVR/Content/Materials/OculusMR_OpaqueColoredMaterial.uasset" 357
"../../Plugins/Runtime/Oculus/OculusVR/Content/Materials/PokeAHoleMaterial.uasset" 358
"../../../../../../Users/Jeff PC/Documents/Unreal Projects/Puzzled_Sight/Content/Geometry/Meshes/1M_Cube.uasset" 359
"../../../Engine/Content/EngineSky/T_Sky_Stars.uasset" 360
"../../../Engine/Content/EngineSky/T_Sky_Clouds_M.uasset" 361
"../../../Engine/Content/EngineSky/T_Sky_Blue.uasset" 362
"../../../Engine/Content/EngineSky/M_Sky_Panning_Clouds2.uasset" 363
"../../../Engine/Content/Functions/Engine_MaterialFunctions03/Procedurals/ComputeFilterWidth.uasset" 364
"../../../Engine/Content/EngineMaterials/AntiAliasedTextMaterialTranslucent.uasset" 365
"../../../Engine/Content/EngineSky/SM_SkySphere.uasset" 366
"../../../Engine/Content/EngineSky/C_Sky_Zenith_Color.uasset" 367
"../../../Engine/Content/EngineSky/C_Sky_Horizon_Color.uasset" 368
"../../../Engine/Content/EngineSky/C_Sky_Cloud_Color.uasset" 369
"../../../Engine/Content/EngineSky/BP_Sky_Sphere.uasset" 370
"../../../../../../Users/Jeff PC/Documents/Unreal Projects/Puzzled_Sight/Content/FirstPerson/Meshes/CubeMaterialOverride.uasset" 371
"../../../../../../Users/Jeff PC/Documents/Unreal Projects/Puzzled_Sight/Content/FirstPersonBP/Maps/FirstPersonExampleMap.umap" 372
"../../../../../../Users/Jeff PC/Documents/Unreal Projects/Puzzled_Sight/Content/Heagney/HeagneySandbox.umap" 373
"../../../../../../Users/Jeff PC/Documents/Unreal Projects/Puzzled_Sight/Content/StarterContent/Textures/T_TableRound_N.uasset" 374
"../../../../../../Users/Jeff PC/Documents/Unreal Projects/Puzzled_Sight/Content/StarterContent/Textures/T_TableRound_M.uasset" 375
"../../../../../../Users/Jeff PC/Documents/Unreal Projects/Puzzled_Sight/Content/StarterContent/Props/Materials/M_TableRound.uasset" 376
"../../../../../../Users/Jeff PC/Documents/Unreal Projects/Puzzled_Sight/Content/StarterContent/Props/SM_TableRound.uasset" 377
"../../../../../../Users/Jeff PC/Documents/Unreal Projects/Puzzled_Sight/Content/StarterContent/Textures/T_Statue_N.uasset" 378
"../../../../../../Users/Jeff PC/Documents/Unreal Projects/Puzzled_Sight/Content/StarterContent/Textures/T_Statue_M.uasset" 379
"../../../../../../Users/Jeff PC/Documents/Unreal Projects/Puzzled_Sight/Content/StarterContent/Props/Materials/M_Statue.uasset" 380
"../../../../../../Users/Jeff PC/Documents/Unreal Projects/Puzzled_Sight/Content/StarterContent/Props/Materials/M_StatueGlass.uasset" 381
"../../../../../../Users/Jeff PC/Documents/Unreal Projects/Puzzled_Sight/Content/StarterContent/Props/SM_Statue.uasset" 382
"../../../../../../Users/Jeff PC/Documents/Unreal Projects/Puzzled_Sight/Content/StarterContent/Props/SM_Chair.uasset" 383
"../../../../../../Users/Jeff PC/Documents/Unreal Projects/Puzzled_Sight/Content/StarterContent/Audio/Starter_Background_Cue.uasset" 384
"../../../../../../Users/Jeff PC/Documents/Unreal Projects/Puzzled_Sight/Content/StarterContent/Architecture/Floor_400x400.uasset" 385
"../../../../../../Users/Jeff PC/Documents/Unreal Projects/Puzzled_Sight/Content/StarterContent/Textures/T_Metal_Copper_D.uasset" 386
"../../../../../../Users/Jeff PC/Documents/Unreal Projects/Puzzled_Sight/Content/StarterContent/Textures/T_Metal_Gold_N.uasset" 387
"../../../../../../Users/Jeff PC/Documents/Unreal Projects/Puzzled_Sight/Content/StarterContent/Textures/T_MacroVariation.uasset" 388
"../../../../../../Users/Jeff PC/Documents/Unreal Projects/Puzzled_Sight/Content/StarterContent/Materials/M_Metal_Copper.uasset" 389
"../../../../../../Users/Jeff PC/Documents/Unreal Projects/Puzzled_Sight/Content/StarterContent/Textures/T_Metal_Aluminum_D.uasset" 390
"../../../../../../Users/Jeff PC/Documents/Unreal Projects/Puzzled_Sight/Content/StarterContent/Materials/M_Metal_Burnished_Steel.uasset" 391
"../../../../../../Users/Jeff PC/Documents/Unreal Projects/Puzzled_Sight/Content/StarterContent/Materials/M_Metal_Brushed_Nickel.uasset" 392
"../../../../../../Users/Jeff PC/Documents/Unreal Projects/Puzzled_Sight/Content/FirstPerson/Textures/FirstPersonCrosshair.uasset" 393
"../../../../../../Users/Jeff PC/Documents/Unreal Projects/Puzzled_Sight/Content/FirstPersonBP/Blueprints/FirstPersonHUD.uasset" 394
"../../../../../../Users/Jeff PC/Documents/Unreal Projects/Puzzled_Sight/Content/FirstPersonBP/Blueprints/FirstPersonGameMode.uasset" 395
"../../../../../../Users/Jeff PC/Documents/Unreal Projects/Puzzled_Sight/Content/Heagney/HeagneySandbox_02.umap" 396
"../../../../../../Users/Jeff PC/Documents/Unreal Projects/Puzzled_Sight/Content/Levels/Assets/Cube.uasset" 397
"../../../../../../Users/Jeff PC/Documents/Unreal Projects/Puzzled_Sight/Content/Heagney/Home_Heagney_BuiltData.uasset" 398
"../../../../../../Users/Jeff PC/Documents/Unreal Projects/Puzzled_Sight/Content/Levels/Assets/Cube_Blueprint.uasset" 399
"../../../../../../Users/Jeff PC/Documents/Unreal Projects/Puzzled_Sight/Content/Levels/Assets/DirectionalLight_Blueprint.uasset" 400
"../../../../../../Users/Jeff PC/Documents/Unreal Projects/Puzzled_Sight/Content/Heagney/Glasses_Heagney.uasset" 401
"../../../../../../Users/Jeff PC/Documents/Unreal Projects/Puzzled_Sight/Content/Heagney/Home_Heagney.umap" 402
"../../../../../../Users/Jeff PC/Documents/Unreal Projects/Puzzled_Sight/Content/Levels/Assets/Menu/Game_Over.uasset" 403
"../../../../../../Users/Jeff PC/Documents/Unreal Projects/Puzzled_Sight/Content/Levels/Assets/Menu/GameOver.umap" 404
"../../../../../../Users/Jeff PC/Documents/Unreal Projects/Puzzled_Sight/Content/Levels/Assets/Menu/Options.umap" 405
"../../../../../../Users/Jeff PC/Documents/Unreal Projects/Puzzled_Sight/Content/Levels/Assets/Menu/MainMenu.uasset" 406
"../../../../../../Users/Jeff PC/Documents/Unreal Projects/Puzzled_Sight/Content/Levels/Assets/Menu/Start_Screen.umap" 407
"../../../../../../Users/Jeff PC/Documents/Unreal Projects/Puzzled_Sight/Content/StarterContent/Textures/T_Wood_Walnut_N.uasset" 408
"../../../../../../Users/Jeff PC/Documents/Unreal Projects/Puzzled_Sight/Content/StarterContent/Textures/T_Wood_Walnut_D.uasset" 409
"../../../../../../Users/Jeff PC/Documents/Unreal Projects/Puzzled_Sight/Content/StarterContent/Materials/M_Wood_Walnut.uasset" 410
"../../../../../../Users/Jeff PC/Documents/Unreal Projects/Puzzled_Sight/Content/StarterContent/Textures/T_Rock_Marble_Polished_D.uasset" 411
"../../../../../../Users/Jeff PC/Documents/Unreal Projects/Puzzled_Sight/Content/StarterContent/Textures/T_Perlin_Noise_M.uasset" 412
"../../../../../../Users/Jeff PC/Documents/Unreal Projects/Puzzled_Sight/Content/StarterContent/Materials/M_Rock_Marble_Polished.uasset" 413
"../../../../../../Users/Jeff PC/Documents/Unreal Projects/Puzzled_Sight/Content/StarterContent/Textures/T_Concrete_Tiles_Variation_M.uasset" 414
"../../../../../../Users/Jeff PC/Documents/Unreal Projects/Puzzled_Sight/Content/StarterContent/Textures/T_Concrete_Tiles_N.uasset" 415
"../../../../../../Users/Jeff PC/Documents/Unreal Projects/Puzzled_Sight/Content/StarterContent/Textures/T_Concrete_Tiles_M.uasset" 416
"../../../../../../Users/Jeff PC/Documents/Unreal Projects/Puzzled_Sight/Content/StarterContent/Textures/T_Concrete_Tiles_D.uasset" 417
"../../../../../../Users/Jeff PC/Documents/Unreal Projects/Puzzled_Sight/Content/StarterContent/Materials/M_Concrete_Tiles.uasset" 418
"../../../../../../Users/Jeff PC/Documents/Unreal Projects/Puzzled_Sight/Content/StarterContent/Textures/T_Brick_Cut_Stone_N.uasset" 419
"../../../../../../Users/Jeff PC/Documents/Unreal Projects/Puzzled_Sight/Content/StarterContent/Textures/T_Brick_Cut_Stone_D.uasset" 420
"../../../../../../Users/Jeff PC/Documents/Unreal Projects/Puzzled_Sight/Content/StarterContent/Materials/M_Brick_Cut_Stone.uasset" 421
"../../../../../../Users/Jeff PC/Documents/Unreal Projects/Puzzled_Sight/Content/StarterContent/Textures/T_Brick_Clay_Beveled_N.uasset" 422
"../../../../../../Users/Jeff PC/Documents/Unreal Projects/Puzzled_Sight/Content/StarterContent/Textures/T_Brick_Clay_Beveled_M.uasset" 423
"../../../../../../Users/Jeff PC/Documents/Unreal Projects/Puzzled_Sight/Content/StarterContent/Textures/T_Brick_Clay_Beveled_D.uasset" 424
"../../../../../../Users/Jeff PC/Documents/Unreal Projects/Puzzled_Sight/Content/StarterContent/Materials/M_Brick_Clay_Beveled.uasset" 425
"../../../../../../Users/Jeff PC/Documents/Unreal Projects/Puzzled_Sight/Content/Levels/Floor_Designs/Home_BuiltData.uasset" 426
"../../../../../../Users/Jeff PC/Documents/Unreal Projects/Puzzled_Sight/Content/Levels/Floor_Designs/Home.umap" 427
"../../../../../../Users/Jeff PC/Documents/Unreal Projects/Puzzled_Sight/Content/Levels/Floor_Designs/Home_02.umap" 428
"../../../../../../Users/Jeff PC/Documents/Unreal Projects/Puzzled_Sight/Content/StarterContent/Materials/M_AssetPlatform.uasset" 429
"../../../../../../Users/Jeff PC/Documents/Unreal Projects/Puzzled_Sight/Content/StarterContent/Architecture/SM_AssetPlatform.uasset" 430
"../../../Engine/Content/EditorMeshes/ColorCalibrator/M_GreyBall.uasset" 431
"../../../Engine/Content/EditorMeshes/ColorCalibrator/Color_checker.uasset" 432
"../../../Engine/Content/EditorMeshes/ColorCalibrator/M_ColorGrid.uasset" 433
"../../../Engine/Content/EditorMeshes/ColorCalibrator/M_ClearCoatBlack.uasset" 434
"../../../Engine/Content/EditorMeshes/ColorCalibrator/M_ClearCoat.uasset" 435
"../../../Engine/Content/EditorMeshes/ColorCalibrator/M_ChromeBall.uasset" 436
"../../../Engine/Content/EditorMeshes/ColorCalibrator/SM_ColorCalibrator.uasset" 437
"../../../../../../Users/Jeff PC/Documents/Unreal Projects/Puzzled_Sight/Content/StarterContent/Maps/Advanced_Lighting_BuiltData.uasset" 438
"../../../../../../Users/Jeff PC/Documents/Unreal Projects/Puzzled_Sight/Content/StarterContent/HDRI/HDRI_Epic_Courtyard_Daylight.uasset" 439
"../../../Engine/Content/MapTemplates/Sky/DaylightAmbientCubemap.uasset" 440
"../../../../../../Users/Jeff PC/Documents/Unreal Projects/Puzzled_Sight/Content/StarterContent/Blueprints/Assets/M_LightStage_Skybox_Master.uasset" 441
"../../../../../../Users/Jeff PC/Documents/Unreal Projects/Puzzled_Sight/Content/StarterContent/Blueprints/Assets/M_LightStage_Skybox_HDRI.uasset" 442
"../../../../../../Users/Jeff PC/Documents/Unreal Projects/Puzzled_Sight/Content/StarterContent/Blueprints/Assets/M_LightStage_Arrows.uasset" 443
"../../../../../../Users/Jeff PC/Documents/Unreal Projects/Puzzled_Sight/Content/StarterContent/Blueprints/Assets/SM_Arrows.uasset" 444
"../../../Engine/Content/EditorMaterials/Thumbnails/SkySphereMaterial.uasset" 445
"../../../../../../Users/Jeff PC/Documents/Unreal Projects/Puzzled_Sight/Content/StarterContent/Blueprints/Assets/Skybox.uasset" 446
"../../../../../../Users/Jeff PC/Documents/Unreal Projects/Puzzled_Sight/Content/StarterContent/Blueprints/Assets/M_LightStage_Skybox_Black.uasset" 447
"../../../../../../Users/Jeff PC/Documents/Unreal Projects/Puzzled_Sight/Content/StarterContent/Blueprints/Assets/SunlightColorLUT.uasset" 448
"../../../../../../Users/Jeff PC/Documents/Unreal Projects/Puzzled_Sight/Content/StarterContent/Blueprints/Assets/FogBrightnessLUT.uasset" 449
"../../../../../../Users/Jeff PC/Documents/Unreal Projects/Puzzled_Sight/Content/StarterContent/Blueprints/BP_LightStudio.uasset" 450
"../../../../../../Users/Jeff PC/Documents/Unreal Projects/Puzzled_Sight/Content/StarterContent/Maps/Advanced_Lighting.umap" 451
"../../../../../../Users/Jeff PC/Documents/Unreal Projects/Puzzled_Sight/Content/StarterContent/Maps/Minimal_Default_BuiltData.uasset" 452
"../../../../../../Users/Jeff PC/Documents/Unreal Projects/Puzzled_Sight/Content/StarterContent/Maps/Minimal_Default.umap" 453
"../../../../../../Users/Jeff PC/Documents/Unreal Projects/Puzzled_Sight/Content/StarterContent/Shapes/Shape_Sphere.uasset" 454
"../../../../../../Users/Jeff PC/Documents/Unreal Projects/Puzzled_Sight/Content/StarterContent/Shapes/Shape_QuadPyramid.uasset" 455
"../../../../../../Users/Jeff PC/Documents/Unreal Projects/Puzzled_Sight/Content/StarterContent/Shapes/Shape_Cube.uasset" 456
"../../../../../../Users/Jeff PC/Documents/Unreal Projects/Puzzled_Sight/Content/StarterContent/Textures/T_Frame_N.uasset" 457
"../../../../../../Users/Jeff PC/Documents/Unreal Projects/Puzzled_Sight/Content/StarterContent/Textures/T_Frame_M.uasset" 458
"../../../../../../Users/Jeff PC/Documents/Unreal Projects/Puzzled_Sight/Content/StarterContent/Props/Materials/M_Frame.uasset" 459
"../../../../../../Users/Jeff PC/Documents/Unreal Projects/Puzzled_Sight/Content/StarterContent/Props/SM_WindowFrame.uasset" 460
"../../../../../../Users/Jeff PC/Documents/Unreal Projects/Puzzled_Sight/Content/StarterContent/Props/SM_PillarFrame300.uasset" 461
"../../../../../../Users/Jeff PC/Documents/Unreal Projects/Puzzled_Sight/Content/StarterContent/Props/SM_PillarFrame.uasset" 462
"../../../../../../Users/Jeff PC/Documents/Unreal Projects/Puzzled_Sight/Content/StarterContent/Props/SM_GlassWindow.uasset" 463
"../../../../../../Users/Jeff PC/Documents/Unreal Projects/Puzzled_Sight/Content/StarterContent/Props/SM_DoorFrame.uasset" 464
"../../../../../../Users/Jeff PC/Documents/Unreal Projects/Puzzled_Sight/Content/StarterContent/Props/SM_CornerFrame.uasset" 465
"../../../../../../Users/Jeff PC/Documents/Unreal Projects/Puzzled_Sight/Content/StarterContent/Props/MaterialSphere.uasset" 466
"../../../../../../Users/Jeff PC/Documents/Unreal Projects/Puzzled_Sight/Content/StarterContent/Textures/T_Dust_Particle_D.uasset" 467
"../../../../../../Users/Jeff PC/Documents/Unreal Projects/Puzzled_Sight/Content/StarterContent/Particles/Materials/M_Dust_Particle.uasset" 468
"../../../../../../Users/Jeff PC/Documents/Unreal Projects/Puzzled_Sight/Content/StarterContent/Particles/P_Ambient_Dust.uasset" 469
"../../../../../../Users/Jeff PC/Documents/Unreal Projects/Puzzled_Sight/Content/StarterContent/Textures/T_Wood_Pine_N.uasset" 470
"../../../../../../Users/Jeff PC/Documents/Unreal Projects/Puzzled_Sight/Content/StarterContent/Textures/T_Wood_Pine_D.uasset" 471
"../../../../../../Users/Jeff PC/Documents/Unreal Projects/Puzzled_Sight/Content/StarterContent/Materials/M_Wood_Pine.uasset" 472
"../../../../../../Users/Jeff PC/Documents/Unreal Projects/Puzzled_Sight/Content/StarterContent/Textures/T_Wood_Oak_N.uasset" 473
"../../../../../../Users/Jeff PC/Documents/Unreal Projects/Puzzled_Sight/Content/StarterContent/Textures/T_Wood_Oak_D.uasset" 474
"../../../../../../Users/Jeff PC/Documents/Unreal Projects/Puzzled_Sight/Content/StarterContent/Materials/M_Wood_Oak.uasset" 475
"../../../Engine/Content/Functions/Engine_MaterialFunctions01/Opacity/AlphaOffset.uasset" 476
"../../../../../../Users/Jeff PC/Documents/Unreal Projects/Puzzled_Sight/Content/StarterContent/Textures/T_Wood_Floor_Walnut_N.uasset" 477
"../../../../../../Users/Jeff PC/Documents/Unreal Projects/Puzzled_Sight/Content/StarterContent/Textures/T_Wood_Floor_Walnut_M.uasset" 478
"../../../../../../Users/Jeff PC/Documents/Unreal Projects/Puzzled_Sight/Content/StarterContent/Textures/T_Wood_Floor_Walnut_D.uasset" 479
"../../../../../../Users/Jeff PC/Documents/Unreal Projects/Puzzled_Sight/Content/StarterContent/Materials/M_Wood_Floor_Walnut_Worn.uasset" 480
"../../../../../../Users/Jeff PC/Documents/Unreal Projects/Puzzled_Sight/Content/StarterContent/Materials/M_Wood_Floor_Walnut_Polished.uasset" 481
"../../../../../../Users/Jeff PC/Documents/Unreal Projects/Puzzled_Sight/Content/StarterContent/Textures/T_Water_M.uasset" 482
"../../../../../../Users/Jeff PC/Documents/Unreal Projects/Puzzled_Sight/Content/StarterContent/Textures/T_Water_N.uasset" 483
"../../../../../../Users/Jeff PC/Documents/Unreal Projects/Puzzled_Sight/Content/StarterContent/Materials/M_Water_Ocean.uasset" 484
"../../../../../../Users/Jeff PC/Documents/Unreal Projects/Puzzled_Sight/Content/StarterContent/Materials/M_Water_Lake.uasset" 485
"../../../../../../Users/Jeff PC/Documents/Unreal Projects/Puzzled_Sight/Content/StarterContent/Textures/T_Metal_Steel_D.uasset" 486
"../../../../../../Users/Jeff PC/Documents/Unreal Projects/Puzzled_Sight/Content/StarterContent/Textures/T_Tech_Panel_N.uasset" 487
"../../../../../../Users/Jeff PC/Documents/Unreal Projects/Puzzled_Sight/Content/StarterContent/Textures/T_Tech_Panel_M.uasset" 488
"../../../../../../Users/Jeff PC/Documents/Unreal Projects/Puzzled_Sight/Content/StarterContent/Materials/M_Tech_Panel.uasset" 489
"../../../../../../Users/Jeff PC/Documents/Unreal Projects/Puzzled_Sight/Content/StarterContent/Architecture/Wall_Window_400x300.uasset" 490
"../../../../../../Users/Jeff PC/Documents/Unreal Projects/Puzzled_Sight/Content/StarterContent/Architecture/Wall_Door_400x300.uasset" 491
"../../../../../../Users/Jeff PC/Documents/Unreal Projects/Puzzled_Sight/Content/StarterContent/Architecture/Wall_400x200.uasset" 492
"../../../../../../Users/Jeff PC/Documents/Unreal Projects/Puzzled_Sight/Content/StarterContent/Textures/T_Tech_Hex_Tile_N.uasset" 493
"../../../../../../Users/Jeff PC/Documents/Unreal Projects/Puzzled_Sight/Content/StarterContent/Textures/T_Tech_Hex_Tile_M.uasset" 494
"../../../../../../Users/Jeff PC/Documents/Unreal Projects/Puzzled_Sight/Content/StarterContent/Materials/M_Tech_Hex_Tile_Pulse.uasset" 495
"../../../../../../Users/Jeff PC/Documents/Unreal Projects/Puzzled_Sight/Content/StarterContent/Materials/M_Tech_Hex_Tile.uasset" 496
"../../../../../../Users/Jeff PC/Documents/Unreal Projects/Puzzled_Sight/Content/StarterContent/Textures/T_Tech_Dot_N.uasset" 497
"../../../../../../Users/Jeff PC/Documents/Unreal Projects/Puzzled_Sight/Content/StarterContent/Textures/T_Tech_Dot_M.uasset" 498
"../../../../../../Users/Jeff PC/Documents/Unreal Projects/Puzzled_Sight/Content/StarterContent/Textures/T_Single_Tile_N.uasset" 499
"../../../../../../Users/Jeff PC/Documents/Unreal Projects/Puzzled_Sight/Content/StarterContent/Textures/T_Checker_Noise_M.uasset" 500
"../../../../../../Users/Jeff PC/Documents/Unreal Projects/Puzzled_Sight/Content/StarterContent/Materials/M_Tech_Checker_Dot.uasset" 501
"../../../../../../Users/Jeff PC/Documents/Unreal Projects/Puzzled_Sight/Content/StarterContent/Textures/T_Rock_Slate_D.uasset" 502
"../../../../../../Users/Jeff PC/Documents/Unreal Projects/Puzzled_Sight/Content/StarterContent/Textures/T_Rock_Slate_N.uasset" 503
"../../../../../../Users/Jeff PC/Documents/Unreal Projects/Puzzled_Sight/Content/StarterContent/Materials/M_Rock_Slate.uasset" 504
"../../../../../../Users/Jeff PC/Documents/Unreal Projects/Puzzled_Sight/Content/StarterContent/Textures/T_Rock_Sandstone_N.uasset" 505
"../../../../../../Users/Jeff PC/Documents/Unreal Projects/Puzzled_Sight/Content/StarterContent/Textures/T_Rock_Sandstone_D.uasset" 506
"../../../../../../Users/Jeff PC/Documents/Unreal Projects/Puzzled_Sight/Content/StarterContent/Materials/M_Rock_Sandstone.uasset" 507
"../../../../../../Users/Jeff PC/Documents/Unreal Projects/Puzzled_Sight/Content/StarterContent/Textures/T_Rock_Basalt_N.uasset" 508
"../../../../../../Users/Jeff PC/Documents/Unreal Projects/Puzzled_Sight/Content/StarterContent/Materials/M_Rock_Basalt.uasset" 509
"../../../../../../Users/Jeff PC/Documents/Unreal Projects/Puzzled_Sight/Content/StarterContent/Textures/T_Metal_Steel_N.uasset" 510
"../../../../../../Users/Jeff PC/Documents/Unreal Projects/Puzzled_Sight/Content/StarterContent/Materials/M_Metal_Steel.uasset" 511
"../../../../../../Users/Jeff PC/Documents/Unreal Projects/Puzzled_Sight/Content/StarterContent/Textures/T_Metal_Rust_D.uasset" 512
"../../../../../../Users/Jeff PC/Documents/Unreal Projects/Puzzled_Sight/Content/StarterContent/Textures/T_Metal_Rust_N.uasset" 513
"../../../../../../Users/Jeff PC/Documents/Unreal Projects/Puzzled_Sight/Content/StarterContent/Materials/M_Metal_Rust.uasset" 514
"../../../../../../Users/Jeff PC/Documents/Unreal Projects/Puzzled_Sight/Content/StarterContent/Textures/T_Metal_Gold_D.uasset" 515
"../../../../../../Users/Jeff PC/Documents/Unreal Projects/Puzzled_Sight/Content/StarterContent/Materials/M_Metal_Gold.uasset" 516
"../../../../../../Users/Jeff PC/Documents/Unreal Projects/Puzzled_Sight/Content/StarterContent/Materials/M_Metal_Chrome.uasset" 517
"../../../../../../Users/Jeff PC/Documents/Unreal Projects/Puzzled_Sight/Content/StarterContent/Textures/T_Ground_Moss_N.uasset" 518
"../../../../../../Users/Jeff PC/Documents/Unreal Projects/Puzzled_Sight/Content/StarterContent/Textures/T_ground_Moss_D.uasset" 519
"../../../../../../Users/Jeff PC/Documents/Unreal Projects/Puzzled_Sight/Content/StarterContent/Materials/M_Ground_Moss.uasset" 520
"../../../../../../Users/Jeff PC/Documents/Unreal Projects/Puzzled_Sight/Content/StarterContent/Textures/T_Ground_Gravel_N.uasset" 521
"../../../../../../Users/Jeff PC/Documents/Unreal Projects/Puzzled_Sight/Content/StarterContent/Textures/T_Ground_Gravel_D.uasset" 522
"../../../../../../Users/Jeff PC/Documents/Unreal Projects/Puzzled_Sight/Content/StarterContent/Materials/M_Ground_Gravel.uasset" 523
"../../../../../../Users/Jeff PC/Documents/Unreal Projects/Puzzled_Sight/Content/StarterContent/Textures/T_Ground_Grass_N.uasset" 524
"../../../../../../Users/Jeff PC/Documents/Unreal Projects/Puzzled_Sight/Content/StarterContent/Textures/T_Ground_Grass_D.uasset" 525
"../../../../../../Users/Jeff PC/Documents/Unreal Projects/Puzzled_Sight/Content/StarterContent/Materials/M_Ground_Grass.uasset" 526
"../../../../../../Users/Jeff PC/Documents/Unreal Projects/Puzzled_Sight/Content/StarterContent/Textures/T_Concrete_Panels_N.uasset" 527
"../../../../../../Users/Jeff PC/Documents/Unreal Projects/Puzzled_Sight/Content/StarterContent/Textures/T_Concrete_Panels_D.uasset" 528
"../../../../../../Users/Jeff PC/Documents/Unreal Projects/Puzzled_Sight/Content/StarterContent/Materials/M_Concrete_Panels.uasset" 529
"../../../../../../Users/Jeff PC/Documents/Unreal Projects/Puzzled_Sight/Content/StarterContent/Textures/T_Concrete_Grime_D.uasset" 530
"../../../../../../Users/Jeff PC/Documents/Unreal Projects/Puzzled_Sight/Content/StarterContent/Materials/M_Concrete_Grime.uasset" 531
"../../../../../../Users/Jeff PC/Documents/Unreal Projects/Puzzled_Sight/Content/StarterContent/Textures/T_CobbleStone_Smooth_N.uasset" 532
"../../../../../../Users/Jeff PC/Documents/Unreal Projects/Puzzled_Sight/Content/StarterContent/Textures/T_CobbleStone_Smooth_M.uasset" 533
"../../../../../../Users/Jeff PC/Documents/Unreal Projects/Puzzled_Sight/Content/StarterContent/Textures/T_CobbleStone_Smooth_D.uasset" 534
"../../../../../../Users/Jeff PC/Documents/Unreal Projects/Puzzled_Sight/Content/StarterContent/Textures/T_Rock_Smooth_Granite_D.uasset" 535
"../../../../../../Users/Jeff PC/Documents/Unreal Projects/Puzzled_Sight/Content/StarterContent/Textures/T_Gradinet_01.uasset" 536
"../../../../../../Users/Jeff PC/Documents/Unreal Projects/Puzzled_Sight/Content/StarterContent/Materials/M_CobbleStone_Smooth.uasset" 537
"../../../../../../Users/Jeff PC/Documents/Unreal Projects/Puzzled_Sight/Content/StarterContent/Textures/T_CobbleStone_Rough_N.uasset" 538
"../../../../../../Users/Jeff PC/Documents/Unreal Projects/Puzzled_Sight/Content/StarterContent/Textures/T_CobbleStone_Rough_D.uasset" 539
"../../../../../../Users/Jeff PC/Documents/Unreal Projects/Puzzled_Sight/Content/StarterContent/Materials/M_CobbleStone_Rough.uasset" 540
"../../../../../../Users/Jeff PC/Documents/Unreal Projects/Puzzled_Sight/Content/StarterContent/Textures/T_CobbleStone_Pebble_N.uasset" 541
"../../../../../../Users/Jeff PC/Documents/Unreal Projects/Puzzled_Sight/Content/StarterContent/Textures/T_CobbleStone_Pebble_M.uasset" 542
"../../../../../../Users/Jeff PC/Documents/Unreal Projects/Puzzled_Sight/Content/StarterContent/Textures/T_CobbleStone_Pebble_D.uasset" 543
"../../../../../../Users/Jeff PC/Documents/Unreal Projects/Puzzled_Sight/Content/StarterContent/Materials/M_CobbleStone_Pebble.uasset" 544
"../../../../../../Users/Jeff PC/Documents/Unreal Projects/Puzzled_Sight/Content/StarterContent/Textures/T_Ceramic_Tile_N.uasset" 545
"../../../../../../Users/Jeff PC/Documents/Unreal Projects/Puzzled_Sight/Content/StarterContent/Textures/T_Ceramic_Tile_M.uasset" 546
"../../../../../../Users/Jeff PC/Documents/Unreal Projects/Puzzled_Sight/Content/StarterContent/Materials/M_Ceramic_Tile_Checker.uasset" 547
"../../../../../../Users/Jeff PC/Documents/Unreal Projects/Puzzled_Sight/Content/StarterContent/Textures/T_Brick_Hewn_Stone_N.uasset" 548
"../../../../../../Users/Jeff PC/Documents/Unreal Projects/Puzzled_Sight/Content/StarterContent/Textures/T_Brick_Hewn_Stone_M.uasset" 549
"../../../../../../Users/Jeff PC/Documents/Unreal Projects/Puzzled_Sight/Content/StarterContent/Textures/T_Brick_Hewn_Stone_D.uasset" 550
"../../../../../../Users/Jeff PC/Documents/Unreal Projects/Puzzled_Sight/Content/StarterContent/Materials/M_Brick_Hewn_Stone.uasset" 551
"../../../../../../Users/Jeff PC/Documents/Unreal Projects/Puzzled_Sight/Content/StarterContent/Textures/T_Brick_Clay_Old_N.uasset" 552
"../../../../../../Users/Jeff PC/Documents/Unreal Projects/Puzzled_Sight/Content/StarterContent/Textures/T_Brick_Clay_Old_D.uasset" 553
"../../../../../../Users/Jeff PC/Documents/Unreal Projects/Puzzled_Sight/Content/StarterContent/Materials/M_Brick_Clay_Old.uasset" 554
"../../../../../../Users/Jeff PC/Documents/Unreal Projects/Puzzled_Sight/Content/StarterContent/Textures/T_Brick_Clay_New_N.uasset" 555
"../../../../../../Users/Jeff PC/Documents/Unreal Projects/Puzzled_Sight/Content/StarterContent/Textures/T_Brick_Clay_New_M.uasset" 556
"../../../../../../Users/Jeff PC/Documents/Unreal Projects/Puzzled_Sight/Content/StarterContent/Textures/T_Brick_Clay_New_D.uasset" 557
"../../../../../../Users/Jeff PC/Documents/Unreal Projects/Puzzled_Sight/Content/StarterContent/Materials/M_Brick_Clay_New.uasset" 558
"../../../../../../Users/Jeff PC/Documents/Unreal Projects/Puzzled_Sight/Content/StarterContent/Maps/StarterMap_BuiltData.uasset" 559
"../../../../../../Users/Jeff PC/Documents/Unreal Projects/Puzzled_Sight/Content/StarterContent/Textures/T_Concrete_Poured_N.uasset" 560
"../../../../../../Users/Jeff PC/Documents/Unreal Projects/Puzzled_Sight/Content/StarterContent/Textures/T_Concrete_Poured_D.uasset" 561
"../../../../../../Users/Jeff PC/Documents/Unreal Projects/Puzzled_Sight/Content/StarterContent/Materials/M_Concrete_Poured.uasset" 562
"../../../../../../Users/Jeff PC/Documents/Unreal Projects/Puzzled_Sight/Content/StarterContent/Textures/T_Lamp_N.uasset" 563
"../../../../../../Users/Jeff PC/Documents/Unreal Projects/Puzzled_Sight/Content/StarterContent/Textures/T_Lamp_M.uasset" 564
"../../../../../../Users/Jeff PC/Documents/Unreal Projects/Puzzled_Sight/Content/StarterContent/Props/Materials/M_Lamp.uasset" 565
"../../../../../../Users/Jeff PC/Documents/Unreal Projects/Puzzled_Sight/Content/StarterContent/Props/SM_Lamp_Wall.uasset" 566
"../../../../../../Users/Jeff PC/Documents/Unreal Projects/Puzzled_Sight/Content/StarterContent/Blueprints/Blueprint_WallSconce.uasset" 567
"../../../../../../Users/Jeff PC/Documents/Unreal Projects/Puzzled_Sight/Content/StarterContent/Particles/P_Steam_Lit.uasset" 568
"../../../../../../Users/Jeff PC/Documents/Unreal Projects/Puzzled_Sight/Content/StarterContent/Audio/Steam01_Cue.uasset" 569
"../../../../../../Users/Jeff PC/Documents/Unreal Projects/Puzzled_Sight/Content/StarterContent/Blueprints/Blueprint_Effect_Steam.uasset" 570
"../../../../../../Users/Jeff PC/Documents/Unreal Projects/Puzzled_Sight/Content/StarterContent/Textures/T_Spark_Core.uasset" 571
"../../../../../../Users/Jeff PC/Documents/Unreal Projects/Puzzled_Sight/Content/StarterContent/Particles/Materials/M_Spark.uasset" 572
"../../../../../../Users/Jeff PC/Documents/Unreal Projects/Puzzled_Sight/Content/StarterContent/Particles/Materials/M_Radial_Gradient.uasset" 573
"../../../../../../Users/Jeff PC/Documents/Unreal Projects/Puzzled_Sight/Content/StarterContent/Particles/P_Sparks.uasset" 574
"../../../../../../Users/Jeff PC/Documents/Unreal Projects/Puzzled_Sight/Content/StarterContent/Audio/Fire_Sparks01_Cue.uasset" 575
"../../../../../../Users/Jeff PC/Documents/Unreal Projects/Puzzled_Sight/Content/StarterContent/Blueprints/Blueprint_Effect_Sparks.uasset" 576
"../../../../../../Users/Jeff PC/Documents/Unreal Projects/Puzzled_Sight/Content/StarterContent/Particles/P_Smoke.uasset" 577
"../../../../../../Users/Jeff PC/Documents/Unreal Projects/Puzzled_Sight/Content/StarterContent/Audio/Smoke01_Cue.uasset" 578
"../../../../../../Users/Jeff PC/Documents/Unreal Projects/Puzzled_Sight/Content/StarterContent/Blueprints/Blueprint_Effect_Smoke.uasset" 579
"../../../../../../Users/Jeff PC/Documents/Unreal Projects/Puzzled_Sight/Content/StarterContent/Particles/Materials/M_Heat_Distortion.uasset" 580
"../../../../../../Users/Jeff PC/Documents/Unreal Projects/Puzzled_Sight/Content/StarterContent/Textures/T_Fire_Tiled_D.uasset" 581
"../../../../../../Users/Jeff PC/Documents/Unreal Projects/Puzzled_Sight/Content/StarterContent/Textures/T_Fire_SubUV.uasset" 582
"../../../../../../Users/Jeff PC/Documents/Unreal Projects/Puzzled_Sight/Content/StarterContent/Particles/Materials/M_Fire_SubUV.uasset" 583
"../../../../../../Users/Jeff PC/Documents/Unreal Projects/Puzzled_Sight/Content/StarterContent/Particles/P_Fire.uasset" 584
"../../../../../../Users/Jeff PC/Documents/Unreal Projects/Puzzled_Sight/Content/StarterContent/Audio/Fire01_Cue.uasset" 585
"../../../../../../Users/Jeff PC/Documents/Unreal Projects/Puzzled_Sight/Content/StarterContent/Blueprints/Blueprint_Effect_Fire.uasset" 586
"../../../../../../Users/Jeff PC/Documents/Unreal Projects/Puzzled_Sight/Content/StarterContent/Props/SM_Lamp_Ceiling.uasset" 587
"../../../../../../Users/Jeff PC/Documents/Unreal Projects/Puzzled_Sight/Content/StarterContent/Blueprints/Blueprint_CeilingLight.uasset" 588
"../../../../../../Users/Jeff PC/Documents/Unreal Projects/Puzzled_Sight/Content/StarterContent/Audio/Starter_Music_Cue.uasset" 589
"../../../../../../Users/Jeff PC/Documents/Unreal Projects/Puzzled_Sight/Content/StarterContent/Audio/Collapse_Cue.uasset" 590
"../../../../../../Users/Jeff PC/Documents/Unreal Projects/Puzzled_Sight/Content/StarterContent/Maps/StarterMap.umap" 591
"../../../Engine/Content/MapTemplates/Sky/M_BlackBackground.uasset" 592
"../../../../../../Users/Jeff PC/Documents/Unreal Projects/Puzzled_Sight/Content/Levels/Assets/Menu/TriggerBox_Blueprint.uasset" 593
"../../../../../../Users/Jeff PC/Documents/Unreal Projects/Puzzled_Sight/Content/Levels/Assets/Mats/Walls6.uasset" 594
"../../../../../../Users/Jeff PC/Documents/Unreal Projects/Puzzled_Sight/Content/Levels/Assets/Mats/Walls5_ButMakeItShiny.uasset" 595
"../../../../../../Users/Jeff PC/Documents/Unreal Projects/Puzzled_Sight/Content/Levels/Assets/Mats/Walls5.uasset" 596
"../../../../../../Users/Jeff PC/Documents/Unreal Projects/Puzzled_Sight/Content/Levels/Assets/Mats/Walls4.uasset" 597
"../../../../../../Users/Jeff PC/Documents/Unreal Projects/Puzzled_Sight/Content/Levels/Assets/Mats/Walls3.uasset" 598
"../../../../../../Users/Jeff PC/Documents/Unreal Projects/Puzzled_Sight/Content/Levels/Assets/Mats/Walls2.uasset" 599
"../../../../../../Users/Jeff PC/Documents/Unreal Projects/Puzzled_Sight/Content/Levels/Assets/Mats/Walls1.uasset" 600
"../../../../../../Users/Jeff PC/Documents/Unreal Projects/Puzzled_Sight/Content/Levels/Assets/Mats/Walls.uasset" 601
"../../../../../../Users/Jeff PC/Documents/Unreal Projects/Puzzled_Sight/Content/Levels/Assets/Mats/Couch1.uasset" 602
"../../../../../../Users/Jeff PC/Documents/Unreal Projects/Puzzled_Sight/Content/Levels/Assets/Mats/Couch.uasset" 603
"../../../../../../Users/Jeff PC/Documents/Unreal Projects/Puzzled_Sight/Content/Levels/Floor_Designs/Home2.umap" 604
"../../../Engine/Content/Maps/Entry_BuiltData.uasset" 605
"../../../Engine/Content/Maps/Entry.umap" 606
